0 info it worked if it ends with ok
1 verbose cli [ '/usr/bin/node', '/usr/bin/npm', 'run', 'build:dll' ]
2 info using npm@3.10.10
3 info using node@v6.14.2
4 verbose run-script [ 'prebuild:dll', 'build:dll', 'postbuild:dll' ]
5 info lifecycle vue-manage-system@3.1.0~prebuild:dll: vue-manage-system@3.1.0
6 silly lifecycle vue-manage-system@3.1.0~prebuild:dll: no script for prebuild:dll, continuing
7 info lifecycle vue-manage-system@3.1.0~build:dll: vue-manage-system@3.1.0
8 verbose lifecycle vue-manage-system@3.1.0~build:dll: unsafe-perm in lifecycle true
9 verbose lifecycle vue-manage-system@3.1.0~build:dll: PATH: /usr/lib/node_modules/npm/bin/node-gyp-bin:/home/esse/音乐/adiantum/node_modules/.bin:/home/esse/soft/gradle-4.5/bin:/home/esse/soft/jdk1.8.0/bin:/home/esse/soft/apache-maven-3.5.3/bin:/home/esse/soft/gradle-4.5/bin:/home/esse/soft/jdk1.8.0/bin:/home/esse/soft/apache-maven-3.5.3/bin:/home/esse/soft/gradle-4.5/bin:/home/esse/soft/jdk1.8.0/bin:/home/esse/soft/apache-maven-3.5.3/bin:/home/esse/soft/gradle-4.5/bin:/home/esse/soft/jdk1.8.0/bin:/home/esse/soft/apache-maven-3.5.3/bin:/home/esse/soft/gradle-4.5/bin:/home/esse/soft/jdk1.8.0/bin:/home/esse/soft/apache-maven-3.5.3/bin:/home/esse/soft/gradle-4.5/bin:/home/esse/soft/jdk1.8.0/bin:/home/esse/soft/apache-maven-3.5.3/bin:/home/esse/soft/gradle-4.5/bin:/home/esse/soft/jdk1.8.0/bin:/home/esse/soft/apache-maven-3.5.3/bin:/usr/local/bin:/usr/local/sbin:/usr/bin:/usr/sbin:/home/esse/.local/bin:/home/esse/bin:/home/esse/.local/bin:/home/esse/bin
10 verbose lifecycle vue-manage-system@3.1.0~build:dll: CWD: /home/esse/音乐/adiantum
11 silly lifecycle vue-manage-system@3.1.0~build:dll: Args: [ '-c', 'webpack --config build/webpack.dll.conf.js' ]
12 silly lifecycle vue-manage-system@3.1.0~build:dll: Returned: code: 2  signal: null
13 info lifecycle vue-manage-system@3.1.0~build:dll: Failed to exec build:dll script
14 verbose stack Error: vue-manage-system@3.1.0 build:dll: `webpack --config build/webpack.dll.conf.js`
14 verbose stack Exit status 2
14 verbose stack     at EventEmitter.<anonymous> (/usr/lib/node_modules/npm/lib/utils/lifecycle.js:255:16)
14 verbose stack     at emitTwo (events.js:106:13)
14 verbose stack     at EventEmitter.emit (events.js:191:7)
14 verbose stack     at ChildProcess.<anonymous> (/usr/lib/node_modules/npm/lib/utils/spawn.js:40:14)
14 verbose stack     at emitTwo (events.js:106:13)
14 verbose stack     at ChildProcess.emit (events.js:191:7)
14 verbose stack     at maybeClose (internal/child_process.js:920:16)
14 verbose stack     at Process.ChildProcess._handle.onexit (internal/child_process.js:230:5)
15 verbose pkgid vue-manage-system@3.1.0
16 verbose cwd /home/esse/音乐/adiantum
17 error Linux 4.16.11-100.fc26.x86_64
18 error argv "/usr/bin/node" "/usr/bin/npm" "run" "build:dll"
19 error node v6.14.2
20 error npm  v3.10.10
21 error code ELIFECYCLE
22 error vue-manage-system@3.1.0 build:dll: `webpack --config build/webpack.dll.conf.js`
22 error Exit status 2
23 error Failed at the vue-manage-system@3.1.0 build:dll script 'webpack --config build/webpack.dll.conf.js'.
23 error Make sure you have the latest version of node.js and npm installed.
23 error If you do, this is most likely a problem with the vue-manage-system package,
23 error not with npm itself.
23 error Tell the author that this fails on your system:
23 error     webpack --config build/webpack.dll.conf.js
23 error You can get information on how to open an issue for this project with:
23 error     npm bugs vue-manage-system
23 error Or if that isn't available, you can get their info via:
23 error     npm owner ls vue-manage-system
23 error There is likely additional logging output above.
24 verbose exit [ 1, true ]
